<?xml version="1.0" encoding="UTF-8"?>
<!-- Generated by org.testng.reporters.JUnitReportReporter -->
<testsuite hostname="WKWIN4496580" failures="0" tests="1" name="Tests.ProductDetailsTest" time="0.211" errors="0" timestamp="2022-07-06T11:29:14 IST" skipped="0">
  <testcase classname="Tests.ProductDetailsTest" name="productdetailsTest" time="0.211"/>
  <system-out>
    <![CDATA[Step-1:Navigating to the Product DropDown And performing click on it
Step-2:Taking all the Products From the Product DropDown and Storing it in List 
Step-3:PerForming Validation on the List of Product DropDown with the expected List ]]>
  </system-out>
</testsuite> <!-- Tests.ProductDetailsTest -->
