<?xml version="1.0" encoding="UTF-8"?>
<!-- Generated by org.testng.reporters.JUnitReportReporter -->
<testsuite hostname="WKWIN4496580" failures="0" tests="1" name="Tests.CompanyTest" time="3.363" errors="0" timestamp="2022-07-06T11:11:22 IST" skipped="0">
  <testcase classname="Tests.CompanyTest" name="companyTest" time="3.363"/>
  <system-out>
    <![CDATA[Step-1:Navigating to the company and clicking on AboutUs Button
Step-2:Navigating to AboutUs and Taking its innerText 
Step-3:Validating innerText with the expected Text ]]>
  </system-out>
</testsuite> <!-- Tests.CompanyTest -->
