<?xml version="1.0" encoding="UTF-8"?>
<!-- Generated by org.testng.reporters.JUnitReportReporter -->
<testsuite hostname="WKWIN4496580" failures="0" tests="1" name="Tests.PricingButtonTest" time="8.973" errors="0" timestamp="2022-07-06T10:51:57 IST" skipped="0">
  <testcase classname="Tests.PricingButtonTest" name="pricingTest" time="8.973"/>
  <system-out>
    <![CDATA[Step-1:Navigating to the Pricing button 
Step-2:Performing Click action on the Pricing button 
Step-3:Taking the innerText of the StartUp price and Performing validation on the Price 
Step-4:Taking the innerText and validating the Agency price 
Step-5:Taking the innerText and validating the Business price 
Step-6:Taking the innerText and validating the Enterprise price ]]>
  </system-out>
</testsuite> <!-- Tests.PricingButtonTest -->
